2025-08-19 15:48:14,079 - INFO - Starting KNN classification process...
2025-08-19 15:48:14,079 - INFO - Dataset Path: c:\Users\Student\Desktop\Chiu Siew Chin\ResNet Series\Multi-Target-Crocodile-Detection-System---ResNet18\dataset
2025-08-19 15:48:14,079 - INFO - Model Path: c:\Users\Student\Desktop\Chiu Siew Chin\ResNet Series\Multi-Target-Crocodile-Detection-System---ResNet18\resnet18_checkpoint\best_resnet18_model.pth
2025-08-19 15:48:14,079 - INFO - Number of Classes: 2
2025-08-19 15:48:14,079 - INFO - Loading ResNet18 feature extrator model...
2025-08-19 15:48:14,321 - INFO - Loading custom dataset...
2025-08-19 15:48:14,347 - INFO - Found 4190 training images and 2625 validation images.
2025-08-19 15:48:14,347 - INFO - Extracting features from the training set...
2025-08-19 15:48:27,887 - INFO - Extracting feature from the test set...
2025-08-19 15:48:46,603 - INFO - Feature extraction complete! Train features shape: (4190, 512), Test features shape: (2625, 512)
2025-08-19 15:48:46,603 - INFO - --- Training and Evaluating KNN Classifier ---
2025-08-19 15:48:46,603 - INFO - Using K = 5
2025-08-19 15:48:46,603 - INFO - Training the KNN classifier...
2025-08-19 15:48:46,616 - INFO - Making predictions with the KNN classifier...
2025-08-19 15:48:46,926 - INFO - ------------------------------------------
2025-08-19 15:48:46,926 - INFO - FINAL RESULT: KNN classifier accuracy on the test set: 98.21%
2025-08-19 15:48:46,927 - INFO - ------------------------------------------
2025-08-19 15:48:46,927 - INFO - KNN classification process finished.
2025-08-19 16:19:30,667 - INFO - Starting KNN classification process...
2025-08-19 16:19:30,667 - INFO - Dataset Path: c:\Users\Student\Desktop\Chiu Siew Chin\ResNet Series\Multi-Target-Crocodile-Detection-System---ResNet18\dataset
2025-08-19 16:19:30,667 - INFO - Model Path: c:\Users\Student\Desktop\Chiu Siew Chin\ResNet Series\Multi-Target-Crocodile-Detection-System---ResNet18\resnet18_checkpoint\best_resnet18_model.pth
2025-08-19 16:19:30,667 - INFO - Number of Classes: 2
2025-08-19 16:19:30,667 - INFO - Loading ResNet18 feature extrator model...
2025-08-19 16:19:30,887 - INFO - Loading custom dataset...
2025-08-19 16:19:30,907 - INFO - Found 4190 training images and 2625 validation images.
2025-08-19 16:19:30,907 - INFO - Extracting features from the training set...
2025-08-19 16:19:44,495 - INFO - Extracting feature from the test set...
2025-08-19 16:20:03,433 - INFO - Feature extraction complete! Train features shape: (4190, 512), Test features shape: (2625, 512)
2025-08-19 16:20:03,433 - INFO - --- Training and Evaluating KNN Classifier ---
2025-08-19 16:20:03,433 - INFO - Using K = 5
2025-08-19 16:20:03,433 - INFO - Training the KNN classifier...
2025-08-19 16:20:03,433 - INFO - Making predictions with the KNN classifier...
2025-08-19 16:20:03,688 - INFO - ------------------------------------------
2025-08-19 16:20:03,688 - INFO - FINAL RESULT: KNN classifier accuracy on the test set: 98.13%
2025-08-19 16:20:03,688 - INFO - ------------------------------------------
2025-08-19 16:20:03,688 - INFO - KNN classification process finished.
2025-08-19 16:35:27,039 - INFO - Starting KNN classification process...
2025-08-19 16:35:27,039 - INFO - Dataset Path: c:\Users\Student\Desktop\Chiu Siew Chin\ResNet Series\Multi-Target-Crocodile-Detection-System---ResNet18\dataset
2025-08-19 16:35:27,039 - INFO - Model Path: c:\Users\Student\Desktop\Chiu Siew Chin\ResNet Series\Multi-Target-Crocodile-Detection-System---ResNet18\resnet18_checkpoint\best_resnet18_model.pth
2025-08-19 16:35:27,039 - INFO - Number of Classes: 2
2025-08-19 16:35:27,039 - INFO - Loading ResNet18 feature extrator model...
2025-08-19 16:35:27,257 - INFO - Loading custom dataset...
2025-08-19 16:35:27,278 - INFO - Found 4190 training images and 2625 validation images.
2025-08-19 16:35:27,278 - INFO - Extracting features from the training set...
2025-08-19 16:35:40,870 - INFO - Extracting feature from the test set...
2025-08-19 16:35:59,360 - INFO - Feature extraction complete! Train features shape: (4190, 512), Test features shape: (2625, 512)
2025-08-19 16:35:59,360 - INFO - --- Training and Evaluating KNN Classifier ---
2025-08-19 16:35:59,360 - INFO - Using K = 5
2025-08-19 16:35:59,360 - INFO - Training the KNN classifier...
2025-08-19 16:35:59,360 - INFO - Making predictions with the KNN classifier...
2025-08-19 16:35:59,607 - INFO - ------------------------------------------
2025-08-19 16:35:59,607 - INFO - FINAL RESULT: KNN classifier accuracy on the test set: 98.13%
2025-08-19 16:35:59,607 - INFO - ------------------------------------------
2025-08-19 16:35:59,607 - INFO - KNN classification process finished.
2025-08-20 15:43:20,383 - INFO - Starting KNN classification process...
2025-08-20 15:43:20,383 - INFO - Dataset Path: c:\Users\Student\Desktop\Chiu Siew Chin\ResNet Series\ResNet18---Multi-Target-Crocodile-Detection-System\dataset
2025-08-20 15:43:20,383 - INFO - Model Path: c:\Users\Student\Desktop\Chiu Siew Chin\ResNet Series\ResNet18---Multi-Target-Crocodile-Detection-System\resnet18_checkpoint\best_resnet18_model.pth
2025-08-20 15:43:20,384 - INFO - Number of Classes: 2
2025-08-20 15:43:20,384 - INFO - Loading ResNet18 feature extrator model...
2025-08-20 15:43:20,604 - INFO - Loading custom dataset...
2025-08-20 15:43:20,622 - INFO - Found 4190 training images and 2625 validation images.
2025-08-20 15:43:20,622 - INFO - Extracting features from the training set...
2025-08-20 15:43:34,077 - INFO - Extracting feature from the test set...
2025-08-20 15:43:55,042 - INFO - Feature extraction complete! Train features shape: (4190, 512), Test features shape: (2625, 512)
2025-08-20 15:43:55,042 - INFO - --- Training and Evaluating KNN Classifier ---
2025-08-20 15:43:55,042 - INFO - Using K = 5
2025-08-20 15:43:55,042 - INFO - Training the KNN classifier...
2025-08-20 15:43:55,042 - INFO - Making predictions with the KNN classifier...
2025-08-20 15:43:55,332 - INFO - ------------------------------------------
2025-08-20 15:43:55,332 - INFO - FINAL RESULT: KNN classifier accuracy on the test set: 97.98%
2025-08-20 15:43:55,332 - INFO - ------------------------------------------
2025-08-20 15:43:55,332 - INFO - KNN classification process finished.
