2025-08-19 15:47:26,709 - INFO - Load the best ResNet18 model as the feature extractor...
2025-08-19 15:47:26,975 - INFO - Feature extractor loaded successfully.
2025-08-19 15:47:26,976 - INFO - Starting Step 1: Start extracting features of the training and validation sets...
2025-08-19 15:47:57,784 - INFO - Extraction completed. Number of training set features: 4190
2025-08-19 15:47:57,784 - INFO - Extraction completed. Number of validation set features: 2625
2025-08-19 15:47:57,784 - INFO - Starting Step 2: Training the SVM brain or classifier...
2025-08-19 15:47:57,827 - INFO - SVM training completed.
2025-08-19 15:47:57,827 - INFO - Starting Step 3: Evaluating the SVM classifier on validation data...
2025-08-19 15:47:57,845 - INFO - ResNet18 + SVM Hybrid Model Validation Accuracy: 0.9836
2025-08-19 16:18:46,318 - INFO - Load the best ResNet18 model as the feature extractor...
2025-08-19 16:18:46,534 - INFO - Feature extractor loaded successfully.
2025-08-19 16:18:46,534 - INFO - Starting Step 1: Start extracting features of the training and validation sets...
2025-08-19 16:19:15,986 - INFO - Extraction completed. Number of training set features: 4190
2025-08-19 16:19:15,986 - INFO - Extraction completed. Number of validation set features: 2625
2025-08-19 16:19:15,986 - INFO - Starting Step 2: Training the SVM brain or classifier...
2025-08-19 16:19:16,037 - INFO - SVM training completed.
2025-08-19 16:19:16,037 - INFO - Starting Step 3: Evaluating the SVM classifier on validation data...
2025-08-19 16:19:16,063 - INFO - ResNet18 + SVM Hybrid Model Validation Accuracy: 0.9851
2025-08-19 16:34:44,247 - INFO - Load the best ResNet18 model as the feature extractor...
2025-08-19 16:34:44,438 - INFO - Feature extractor loaded successfully.
2025-08-19 16:34:44,438 - INFO - Starting Step 1: Start extracting features of the training and validation sets...
2025-08-19 16:35:13,367 - INFO - Extraction completed. Number of training set features: 4190
2025-08-19 16:35:13,367 - INFO - Extraction completed. Number of validation set features: 2625
2025-08-19 16:35:13,367 - INFO - Starting Step 2: Training the SVM brain or classifier...
2025-08-19 16:35:13,422 - INFO - SVM training completed.
2025-08-19 16:35:13,423 - INFO - Starting Step 3: Evaluating the SVM classifier on validation data...
2025-08-19 16:35:13,441 - INFO - ResNet18 + SVM Hybrid Model Validation Accuracy: 0.9851
2025-08-20 15:42:39,183 - INFO - Load the best ResNet18 model as the feature extractor...
2025-08-20 15:42:39,393 - INFO - Feature extractor loaded successfully.
2025-08-20 15:42:39,393 - INFO - Starting Step 1: Start extracting features of the training and validation sets...
2025-08-20 15:43:09,028 - INFO - Extraction completed. Number of training set features: 4190
2025-08-20 15:43:09,028 - INFO - Extraction completed. Number of validation set features: 2625
2025-08-20 15:43:09,028 - INFO - Starting Step 2: Training the SVM brain or classifier...
2025-08-20 15:43:09,066 - INFO - SVM training completed.
2025-08-20 15:43:09,066 - INFO - Starting Step 3: Evaluating the SVM classifier on validation data...
2025-08-20 15:43:09,078 - INFO - ResNet18 + SVM Hybrid Model Validation Accuracy: 0.9836
